c:\users\vinay\documents\gt\cs 7496 animation\project2_windows\msvs_proj3\cs4496win_project3\debug\vc140.pdb
c:\users\vinay\documents\gt\cs 7496 animation\project2_windows\msvs_proj3\cs4496win_project3\debug\vc140.idb
c:\users\vinay\documents\gt\cs 7496 animation\project2_windows\msvs_proj3\cs4496win_project3\debug\main.obj
c:\users\vinay\documents\gt\cs 7496 animation\project2_windows\msvs_proj3\cs4496win_project3\debug\particle.obj
c:\users\vinay\documents\gt\cs 7496 animation\project2_windows\msvs_proj3\cs4496win_project3\debug\simulator.obj
c:\users\vinay\documents\gt\cs 7496 animation\project2_windows\msvs_proj3\cs4496win_project3\debug\timer.obj
c:\users\vinay\documents\gt\cs 7496 animation\project2_windows\msvs_proj3\cs4496win_project3\debug\simulator.obj.enc
c:\users\vinay\documents\gt\cs 7496 animation\project2_windows\msvs_proj3\debug\cs4496win_project3.pdb
c:\users\vinay\documents\gt\cs 7496 animation\project2_windows\msvs_proj3\cs4496win_project3\debug\cs4496wi.535f0d3d.tlog\cl.command.1.tlog
c:\users\vinay\documents\gt\cs 7496 animation\project2_windows\msvs_proj3\cs4496win_project3\debug\cs4496wi.535f0d3d.tlog\cl.read.1.tlog
c:\users\vinay\documents\gt\cs 7496 animation\project2_windows\msvs_proj3\cs4496win_project3\debug\cs4496wi.535f0d3d.tlog\cl.write.1.tlog
c:\users\vinay\documents\gt\cs 7496 animation\project2_windows\msvs_proj3\cs4496win_project3\debug\cs4496wi.535f0d3d.tlog\link-cvtres.read.1.tlog
c:\users\vinay\documents\gt\cs 7496 animation\project2_windows\msvs_proj3\cs4496win_project3\debug\cs4496wi.535f0d3d.tlog\link-cvtres.write.1.tlog
c:\users\vinay\documents\gt\cs 7496 animation\project2_windows\msvs_proj3\cs4496win_project3\debug\cs4496wi.535f0d3d.tlog\link-rc.read.1.tlog
c:\users\vinay\documents\gt\cs 7496 animation\project2_windows\msvs_proj3\cs4496win_project3\debug\cs4496wi.535f0d3d.tlog\link-rc.write.1.tlog
c:\users\vinay\documents\gt\cs 7496 animation\project2_windows\msvs_proj3\cs4496win_project3\debug\cs4496wi.535f0d3d.tlog\link.10148-cvtres.read.1.tlog
c:\users\vinay\documents\gt\cs 7496 animation\project2_windows\msvs_proj3\cs4496win_project3\debug\cs4496wi.535f0d3d.tlog\link.10148-cvtres.write.1.tlog
c:\users\vinay\documents\gt\cs 7496 animation\project2_windows\msvs_proj3\cs4496win_project3\debug\cs4496wi.535f0d3d.tlog\link.10148-rc.read.1.tlog
c:\users\vinay\documents\gt\cs 7496 animation\project2_windows\msvs_proj3\cs4496win_project3\debug\cs4496wi.535f0d3d.tlog\link.10148-rc.write.1.tlog
c:\users\vinay\documents\gt\cs 7496 animation\project2_windows\msvs_proj3\cs4496win_project3\debug\cs4496wi.535f0d3d.tlog\link.10148.read.1.tlog
c:\users\vinay\documents\gt\cs 7496 animation\project2_windows\msvs_proj3\cs4496win_project3\debug\cs4496wi.535f0d3d.tlog\link.10148.write.1.tlog
c:\users\vinay\documents\gt\cs 7496 animation\project2_windows\msvs_proj3\cs4496win_project3\debug\cs4496wi.535f0d3d.tlog\link.command.1.tlog
c:\users\vinay\documents\gt\cs 7496 animation\project2_windows\msvs_proj3\cs4496win_project3\debug\cs4496wi.535f0d3d.tlog\link.read.1.tlog
c:\users\vinay\documents\gt\cs 7496 animation\project2_windows\msvs_proj3\cs4496win_project3\debug\cs4496wi.535f0d3d.tlog\link.write.1.tlog
